  FileBrowser.cpp
C:\Users\Friman\Downloads\Data-FileManageSys-main\FileBrowser.h(41,91): warning C4244: “初始化”: 从“double”转换到“const unsigned int”，可能丢失数据
C:\Users\Friman\Downloads\Data-FileManageSys-main\FileBrowser.h(43,70): warning C4244: “初始化”: 从“double”转换到“const int”，可能丢失数据
C:\Users\Friman\Downloads\Data-FileManageSys-main\FileBrowser.cpp(40,73): warning C4244: “参数”: 从“double”转换到“int”，可能丢失数据
C:\Users\Friman\Downloads\Data-FileManageSys-main\FileBrowser.cpp(40,64): warning C4244: “参数”: 从“double”转换到“int”，可能丢失数据
C:\Users\Friman\Downloads\Data-FileManageSys-main\FileBrowser.cpp(40,46): warning C4244: “参数”: 从“double”转换到“int”，可能丢失数据
C:\Users\Friman\Downloads\Data-FileManageSys-main\FileBrowser.cpp(93,94): warning C4244: “参数”: 从“double”转换到“int”，可能丢失数据
C:\Users\Friman\Downloads\Data-FileManageSys-main\FileBrowser.cpp(93,63): warning C4244: “参数”: 从“double”转换到“int”，可能丢失数据
C:\Users\Friman\Downloads\Data-FileManageSys-main\FileBrowser.cpp(93,45): warning C4244: “参数”: 从“double”转换到“int”，可能丢失数据
C:\Users\Friman\Downloads\Data-FileManageSys-main\FileBrowser.cpp(99,8): warning C4244: “初始化”: 从“double”转换到“int”，可能丢失数据
C:\Users\Friman\Downloads\Data-FileManageSys-main\FileBrowser.cpp(99,39): warning C4244: “初始化”: 从“double”转换到“int”，可能丢失数据
C:\Users\Friman\Downloads\Data-FileManageSys-main\FileBrowser.cpp(116,76): warning C4244: “参数”: 从“double”转换到“int”，可能丢失数据
C:\Users\Friman\Downloads\Data-FileManageSys-main\FileBrowser.cpp(117,76): warning C4244: “参数”: 从“double”转换到“int”，可能丢失数据
C:\Users\Friman\Downloads\Data-FileManageSys-main\FileBrowser.cpp(118,86): warning C4244: “参数”: 从“double”转换到“int”，可能丢失数据
C:\Users\Friman\Downloads\Data-FileManageSys-main\FileBrowser.cpp(141,21): warning C4018: “<”: 有符号/无符号不匹配
C:\Users\Friman\Downloads\Data-FileManageSys-main\FileBrowser.cpp(192,94): warning C4244: “参数”: 从“double”转换到“int”，可能丢失数据
C:\Users\Friman\Downloads\Data-FileManageSys-main\FileBrowser.cpp(192,76): warning C4244: “参数”: 从“double”转换到“int”，可能丢失数据
C:\Users\Friman\Downloads\Data-FileManageSys-main\FileBrowser.cpp(192,48): warning C4244: “参数”: 从“double”转换到“int”，可能丢失数据
C:\Users\Friman\Downloads\Data-FileManageSys-main\FileBrowser.cpp(194,11): warning C4244: “初始化”: 从“int”转换到“float”，可能丢失数据
C:\Users\Friman\Downloads\Data-FileManageSys-main\FileBrowser.cpp(207,52): warning C4244: “参数”: 从“float”转换到“int”，可能丢失数据
C:\Users\Friman\Downloads\Data-FileManageSys-main\FileBrowser.cpp(207,17): warning C4244: “参数”: 从“float”转换到“int”，可能丢失数据
C:\Users\Friman\Downloads\Data-FileManageSys-main\FileBrowser.cpp(208,17): warning C4244: “参数”: 从“float”转换到“int”，可能丢失数据
C:\Users\Friman\Downloads\Data-FileManageSys-main\FileBrowser.cpp(210,63): warning C4244: “参数”: 从“float”转换到“int”，可能丢失数据
C:\Users\Friman\Downloads\Data-FileManageSys-main\FileBrowser.cpp(221,74): warning C4244: “参数”: 从“float”转换到“int”，可能丢失数据
C:\Users\Friman\Downloads\Data-FileManageSys-main\FileBrowser.cpp(221,63): warning C4244: “参数”: 从“float”转换到“int”，可能丢失数据
C:\Users\Friman\Downloads\Data-FileManageSys-main\FileBrowser.cpp(221,22): warning C4244: “参数”: 从“float”转换到“int”，可能丢失数据
C:\Users\Friman\Downloads\Data-FileManageSys-main\FileBrowser.cpp(221,15): warning C4244: “参数”: 从“float”转换到“int”，可能丢失数据
C:\Users\Friman\Downloads\Data-FileManageSys-main\FileBrowser.cpp(228,63): warning C4244: “参数”: 从“float”转换到“int”，可能丢失数据
C:\Users\Friman\Downloads\Data-FileManageSys-main\FileBrowser.cpp(228,21): warning C4244: “参数”: 从“float”转换到“int”，可能丢失数据
C:\Users\Friman\Downloads\Data-FileManageSys-main\FileBrowser.cpp(228,14): warning C4244: “参数”: 从“float”转换到“int”，可能丢失数据
C:\Users\Friman\Downloads\Data-FileManageSys-main\FileBrowser.cpp(231,171): warning C4244: “参数”: 从“double”转换到“int”，可能丢失数据
C:\Users\Friman\Downloads\Data-FileManageSys-main\FileBrowser.cpp(231,119): warning C4244: “参数”: 从“double”转换到“int”，可能丢失数据
C:\Users\Friman\Downloads\Data-FileManageSys-main\FileBrowser.cpp(231,99): warning C4244: “参数”: 从“double”转换到“int”，可能丢失数据
C:\Users\Friman\Downloads\Data-FileManageSys-main\FileBrowser.cpp(231,76): warning C4244: “参数”: 从“double”转换到“int”，可能丢失数据
C:\Users\Friman\Downloads\Data-FileManageSys-main\FileBrowser.cpp(232,171): warning C4244: “参数”: 从“double”转换到“int”，可能丢失数据
C:\Users\Friman\Downloads\Data-FileManageSys-main\FileBrowser.cpp(232,119): warning C4244: “参数”: 从“double”转换到“int”，可能丢失数据
C:\Users\Friman\Downloads\Data-FileManageSys-main\FileBrowser.cpp(232,99): warning C4244: “参数”: 从“double”转换到“int”，可能丢失数据
C:\Users\Friman\Downloads\Data-FileManageSys-main\FileBrowser.cpp(232,76): warning C4244: “参数”: 从“double”转换到“int”，可能丢失数据
C:\Users\Friman\Downloads\Data-FileManageSys-main\FileBrowser.cpp(233,170): warning C4244: “参数”: 从“double”转换到“int”，可能丢失数据
C:\Users\Friman\Downloads\Data-FileManageSys-main\FileBrowser.cpp(233,118): warning C4244: “参数”: 从“double”转换到“int”，可能丢失数据
C:\Users\Friman\Downloads\Data-FileManageSys-main\FileBrowser.cpp(233,98): warning C4244: “参数”: 从“double”转换到“int”，可能丢失数据
C:\Users\Friman\Downloads\Data-FileManageSys-main\FileBrowser.cpp(233,75): warning C4244: “参数”: 从“double”转换到“int”，可能丢失数据
  main.cpp
C:\Users\Friman\Downloads\Data-FileManageSys-main\FileBrowser.h(41,91): warning C4244: “初始化”: 从“double”转换到“const unsigned int”，可能丢失数据
C:\Users\Friman\Downloads\Data-FileManageSys-main\FileBrowser.h(43,70): warning C4244: “初始化”: 从“double”转换到“const int”，可能丢失数据
C:\Users\Friman\Downloads\Data-FileManageSys-main\main.cpp(47,8): warning C4101: “fp”: 未引用的局部变量
C:\Users\Friman\Downloads\Data-FileManageSys-main\main.cpp(428,78): warning C4244: “参数”: 从“double”转换到“int”，可能丢失数据
C:\Users\Friman\Downloads\Data-FileManageSys-main\main.cpp(428,56): warning C4244: “参数”: 从“double”转换到“int”，可能丢失数据
C:\Users\Friman\Downloads\Data-FileManageSys-main\main.cpp(428,33): warning C4244: “参数”: 从“double”转换到“int”，可能丢失数据
C:\Users\Friman\Downloads\Data-FileManageSys-main\main.cpp(432,49): warning C4244: “参数”: 从“double”转换到“int”，可能丢失数据
C:\Users\Friman\Downloads\Data-FileManageSys-main\main.cpp(434,61): warning C4244: “参数”: 从“double”转换到“int”，可能丢失数据
C:\Users\Friman\Downloads\Data-FileManageSys-main\main.cpp(434,36): warning C4244: “参数”: 从“double”转换到“int”，可能丢失数据
C:\Users\Friman\Downloads\Data-FileManageSys-main\main.cpp(437,119): warning C4244: “参数”: 从“double”转换到“int”，可能丢失数据
C:\Users\Friman\Downloads\Data-FileManageSys-main\main.cpp(437,93): warning C4244: “参数”: 从“double”转换到“int”，可能丢失数据
C:\Users\Friman\Downloads\Data-FileManageSys-main\main.cpp(440,160): warning C4244: “参数”: 从“double”转换到“int”，可能丢失数据
C:\Users\Friman\Downloads\Data-FileManageSys-main\main.cpp(440,130): warning C4244: “参数”: 从“double”转换到“int”，可能丢失数据
C:\Users\Friman\Downloads\Data-FileManageSys-main\main.cpp(440,107): warning C4244: “参数”: 从“double”转换到“int”，可能丢失数据
C:\Users\Friman\Downloads\Data-FileManageSys-main\main.cpp(441,86): warning C4244: “参数”: 从“double”转换到“int”，可能丢失数据
C:\Users\Friman\Downloads\Data-FileManageSys-main\main.cpp(446,172): warning C4244: “参数”: 从“double”转换到“int”，可能丢失数据
C:\Users\Friman\Downloads\Data-FileManageSys-main\main.cpp(446,146): warning C4244: “参数”: 从“double”转换到“int”，可能丢失数据
C:\Users\Friman\Downloads\Data-FileManageSys-main\main.cpp(446,120): warning C4244: “参数”: 从“double”转换到“int”，可能丢失数据
C:\Users\Friman\Downloads\Data-FileManageSys-main\main.cpp(446,74): warning C4244: “参数”: 从“double”转换到“int”，可能丢失数据
C:\Users\Friman\Downloads\Data-FileManageSys-main\main.cpp(447,97): warning C4244: “参数”: 从“double”转换到“int”，可能丢失数据
C:\Users\Friman\Downloads\Data-FileManageSys-main\main.cpp(448,88): warning C4244: “参数”: 从“double”转换到“int”，可能丢失数据
C:\Users\Friman\Downloads\Data-FileManageSys-main\main.cpp(463,140): warning C4244: “参数”: 从“double”转换到“int”，可能丢失数据
C:\Users\Friman\Downloads\Data-FileManageSys-main\main.cpp(463,80): warning C4244: “参数”: 从“double”转换到“int”，可能丢失数据
C:\Users\Friman\Downloads\Data-FileManageSys-main\main.cpp(491,153): warning C4244: “参数”: 从“double”转换到“int”，可能丢失数据
C:\Users\Friman\Downloads\Data-FileManageSys-main\main.cpp(491,107): warning C4244: “参数”: 从“double”转换到“int”，可能丢失数据
C:\Users\Friman\Downloads\Data-FileManageSys-main\main.cpp(491,91): warning C4244: “参数”: 从“double”转换到“int”，可能丢失数据
C:\Users\Friman\Downloads\Data-FileManageSys-main\main.cpp(491,45): warning C4244: “参数”: 从“double”转换到“int”，可能丢失数据
C:\Users\Friman\Downloads\Data-FileManageSys-main\main.cpp(492,176): warning C4244: “参数”: 从“double”转换到“int”，可能丢失数据
C:\Users\Friman\Downloads\Data-FileManageSys-main\main.cpp(492,150): warning C4244: “参数”: 从“double”转换到“int”，可能丢失数据
C:\Users\Friman\Downloads\Data-FileManageSys-main\main.cpp(492,124): warning C4244: “参数”: 从“double”转换到“int”，可能丢失数据
C:\Users\Friman\Downloads\Data-FileManageSys-main\main.cpp(492,78): warning C4244: “参数”: 从“double”转换到“int”，可能丢失数据
C:\Users\Friman\Downloads\Data-FileManageSys-main\main.cpp(498,88): warning C4244: “参数”: 从“double”转换到“int”，可能丢失数据
C:\Users\Friman\Downloads\Data-FileManageSys-main\main.cpp(498,76): warning C4244: “参数”: 从“double”转换到“int”，可能丢失数据
C:\Users\Friman\Downloads\Data-FileManageSys-main\main.cpp(501,153): warning C4244: “参数”: 从“double”转换到“int”，可能丢失数据
C:\Users\Friman\Downloads\Data-FileManageSys-main\main.cpp(501,107): warning C4244: “参数”: 从“double”转换到“int”，可能丢失数据
C:\Users\Friman\Downloads\Data-FileManageSys-main\main.cpp(501,91): warning C4244: “参数”: 从“double”转换到“int”，可能丢失数据
C:\Users\Friman\Downloads\Data-FileManageSys-main\main.cpp(501,45): warning C4244: “参数”: 从“double”转换到“int”，可能丢失数据
C:\Users\Friman\Downloads\Data-FileManageSys-main\main.cpp(502,176): warning C4244: “参数”: 从“double”转换到“int”，可能丢失数据
C:\Users\Friman\Downloads\Data-FileManageSys-main\main.cpp(502,150): warning C4244: “参数”: 从“double”转换到“int”，可能丢失数据
C:\Users\Friman\Downloads\Data-FileManageSys-main\main.cpp(502,124): warning C4244: “参数”: 从“double”转换到“int”，可能丢失数据
C:\Users\Friman\Downloads\Data-FileManageSys-main\main.cpp(502,78): warning C4244: “参数”: 从“double”转换到“int”，可能丢失数据
C:\Users\Friman\Downloads\Data-FileManageSys-main\main.cpp(510,153): warning C4244: “参数”: 从“double”转换到“int”，可能丢失数据
C:\Users\Friman\Downloads\Data-FileManageSys-main\main.cpp(510,107): warning C4244: “参数”: 从“double”转换到“int”，可能丢失数据
C:\Users\Friman\Downloads\Data-FileManageSys-main\main.cpp(510,91): warning C4244: “参数”: 从“double”转换到“int”，可能丢失数据
C:\Users\Friman\Downloads\Data-FileManageSys-main\main.cpp(510,45): warning C4244: “参数”: 从“double”转换到“int”，可能丢失数据
C:\Users\Friman\Downloads\Data-FileManageSys-main\main.cpp(511,176): warning C4244: “参数”: 从“double”转换到“int”，可能丢失数据
C:\Users\Friman\Downloads\Data-FileManageSys-main\main.cpp(511,150): warning C4244: “参数”: 从“double”转换到“int”，可能丢失数据
C:\Users\Friman\Downloads\Data-FileManageSys-main\main.cpp(511,124): warning C4244: “参数”: 从“double”转换到“int”，可能丢失数据
C:\Users\Friman\Downloads\Data-FileManageSys-main\main.cpp(511,78): warning C4244: “参数”: 从“double”转换到“int”，可能丢失数据
C:\Users\Friman\Downloads\Data-FileManageSys-main\main.cpp(525,99): warning C4244: “参数”: 从“double”转换到“int”，可能丢失数据
C:\Users\Friman\Downloads\Data-FileManageSys-main\main.cpp(525,55): warning C4244: “参数”: 从“double”转换到“int”，可能丢失数据
C:\Users\Friman\Downloads\Data-FileManageSys-main\main.cpp(526,92): warning C4244: “参数”: 从“double”转换到“int”，可能丢失数据
C:\Users\Friman\Downloads\Data-FileManageSys-main\main.cpp(532,87): warning C4244: “参数”: 从“double”转换到“int”，可能丢失数据
C:\Users\Friman\Downloads\Data-FileManageSys-main\main.cpp(532,75): warning C4244: “参数”: 从“double”转换到“int”，可能丢失数据
C:\Users\Friman\Downloads\Data-FileManageSys-main\main.cpp(540,101): warning C4244: “参数”: 从“double”转换到“int”，可能丢失数据
C:\Users\Friman\Downloads\Data-FileManageSys-main\main.cpp(540,56): warning C4244: “参数”: 从“double”转换到“int”，可能丢失数据
C:\Users\Friman\Downloads\Data-FileManageSys-main\main.cpp(541,102): warning C4244: “参数”: 从“double”转换到“int”，可能丢失数据
C:\Users\Friman\Downloads\Data-FileManageSys-main\main.cpp(546,101): warning C4244: “参数”: 从“double”转换到“int”，可能丢失数据
C:\Users\Friman\Downloads\Data-FileManageSys-main\main.cpp(546,56): warning C4244: “参数”: 从“double”转换到“int”，可能丢失数据
C:\Users\Friman\Downloads\Data-FileManageSys-main\main.cpp(548,100): warning C4244: “参数”: 从“double”转换到“int”，可能丢失数据
C:\Users\Friman\Downloads\Data-FileManageSys-main\main.cpp(548,56): warning C4244: “参数”: 从“double”转换到“int”，可能丢失数据
C:\Users\Friman\Downloads\Data-FileManageSys-main\main.cpp(549,93): warning C4244: “参数”: 从“double”转换到“int”，可能丢失数据
C:\Users\Friman\Downloads\Data-FileManageSys-main\main.cpp(554,144): warning C4244: “参数”: 从“double”转换到“int”，可能丢失数据
C:\Users\Friman\Downloads\Data-FileManageSys-main\main.cpp(554,84): warning C4244: “参数”: 从“double”转换到“int”，可能丢失数据
C:\Users\Friman\Downloads\Data-FileManageSys-main\main.cpp(557,99): warning C4244: “参数”: 从“double”转换到“int”，可能丢失数据
C:\Users\Friman\Downloads\Data-FileManageSys-main\main.cpp(557,55): warning C4244: “参数”: 从“double”转换到“int”，可能丢失数据
C:\Users\Friman\Downloads\Data-FileManageSys-main\main.cpp(558,92): warning C4244: “参数”: 从“double”转换到“int”，可能丢失数据
C:\Users\Friman\Downloads\Data-FileManageSys-main\main.cpp(566,99): warning C4244: “参数”: 从“double”转换到“int”，可能丢失数据
C:\Users\Friman\Downloads\Data-FileManageSys-main\main.cpp(566,55): warning C4244: “参数”: 从“double”转换到“int”，可能丢失数据
C:\Users\Friman\Downloads\Data-FileManageSys-main\main.cpp(567,92): warning C4244: “参数”: 从“double”转换到“int”，可能丢失数据
C:\Users\Friman\Downloads\Data-FileManageSys-main\main.cpp(582,99): warning C4244: “参数”: 从“double”转换到“int”，可能丢失数据
C:\Users\Friman\Downloads\Data-FileManageSys-main\main.cpp(582,55): warning C4244: “参数”: 从“double”转换到“int”，可能丢失数据
C:\Users\Friman\Downloads\Data-FileManageSys-main\main.cpp(583,92): warning C4244: “参数”: 从“double”转换到“int”，可能丢失数据
C:\Users\Friman\Downloads\Data-FileManageSys-main\main.cpp(589,87): warning C4244: “参数”: 从“double”转换到“int”，可能丢失数据
C:\Users\Friman\Downloads\Data-FileManageSys-main\main.cpp(589,75): warning C4244: “参数”: 从“double”转换到“int”，可能丢失数据
C:\Users\Friman\Downloads\Data-FileManageSys-main\main.cpp(597,101): warning C4244: “参数”: 从“double”转换到“int”，可能丢失数据
C:\Users\Friman\Downloads\Data-FileManageSys-main\main.cpp(597,56): warning C4244: “参数”: 从“double”转换到“int”，可能丢失数据
C:\Users\Friman\Downloads\Data-FileManageSys-main\main.cpp(598,102): warning C4244: “参数”: 从“double”转换到“int”，可能丢失数据
C:\Users\Friman\Downloads\Data-FileManageSys-main\main.cpp(603,101): warning C4244: “参数”: 从“double”转换到“int”，可能丢失数据
C:\Users\Friman\Downloads\Data-FileManageSys-main\main.cpp(603,56): warning C4244: “参数”: 从“double”转换到“int”，可能丢失数据
C:\Users\Friman\Downloads\Data-FileManageSys-main\main.cpp(605,100): warning C4244: “参数”: 从“double”转换到“int”，可能丢失数据
C:\Users\Friman\Downloads\Data-FileManageSys-main\main.cpp(605,56): warning C4244: “参数”: 从“double”转换到“int”，可能丢失数据
C:\Users\Friman\Downloads\Data-FileManageSys-main\main.cpp(606,93): warning C4244: “参数”: 从“double”转换到“int”，可能丢失数据
C:\Users\Friman\Downloads\Data-FileManageSys-main\main.cpp(610,144): warning C4244: “参数”: 从“double”转换到“int”，可能丢失数据
C:\Users\Friman\Downloads\Data-FileManageSys-main\main.cpp(610,84): warning C4244: “参数”: 从“double”转换到“int”，可能丢失数据
C:\Users\Friman\Downloads\Data-FileManageSys-main\main.cpp(613,99): warning C4244: “参数”: 从“double”转换到“int”，可能丢失数据
C:\Users\Friman\Downloads\Data-FileManageSys-main\main.cpp(613,55): warning C4244: “参数”: 从“double”转换到“int”，可能丢失数据
C:\Users\Friman\Downloads\Data-FileManageSys-main\main.cpp(614,92): warning C4244: “参数”: 从“double”转换到“int”，可能丢失数据
C:\Users\Friman\Downloads\Data-FileManageSys-main\main.cpp(622,99): warning C4244: “参数”: 从“double”转换到“int”，可能丢失数据
C:\Users\Friman\Downloads\Data-FileManageSys-main\main.cpp(622,55): warning C4244: “参数”: 从“double”转换到“int”，可能丢失数据
C:\Users\Friman\Downloads\Data-FileManageSys-main\main.cpp(623,92): warning C4244: “参数”: 从“double”转换到“int”，可能丢失数据
C:\Users\Friman\Downloads\Data-FileManageSys-main\main.cpp(661,151): warning C4244: “参数”: 从“double”转换到“int”，可能丢失数据
C:\Users\Friman\Downloads\Data-FileManageSys-main\main.cpp(661,105): warning C4244: “参数”: 从“double”转换到“int”，可能丢失数据
C:\Users\Friman\Downloads\Data-FileManageSys-main\main.cpp(661,89): warning C4244: “参数”: 从“double”转换到“int”，可能丢失数据
C:\Users\Friman\Downloads\Data-FileManageSys-main\main.cpp(661,43): warning C4244: “参数”: 从“double”转换到“int”，可能丢失数据
C:\Users\Friman\Downloads\Data-FileManageSys-main\main.cpp(662,174): warning C4244: “参数”: 从“double”转换到“int”，可能丢失数据
C:\Users\Friman\Downloads\Data-FileManageSys-main\main.cpp(662,148): warning C4244: “参数”: 从“double”转换到“int”，可能丢失数据
C:\Users\Friman\Downloads\Data-FileManageSys-main\main.cpp(662,122): warning C4244: “参数”: 从“double”转换到“int”，可能丢失数据
C:\Users\Friman\Downloads\Data-FileManageSys-main\main.cpp(662,76): warning C4244: “参数”: 从“double”转换到“int”，可能丢失数据
C:\Users\Friman\Downloads\Data-FileManageSys-main\main.cpp(668,98): warning C4244: “参数”: 从“double”转换到“int”，可能丢失数据
C:\Users\Friman\Downloads\Data-FileManageSys-main\main.cpp(668,54): warning C4244: “参数”: 从“double”转换到“int”，可能丢失数据
C:\Users\Friman\Downloads\Data-FileManageSys-main\main.cpp(669,91): warning C4244: “参数”: 从“double”转换到“int”，可能丢失数据
C:\Users\Friman\Downloads\Data-FileManageSys-main\main.cpp(674,98): warning C4244: “参数”: 从“double”转换到“int”，可能丢失数据
C:\Users\Friman\Downloads\Data-FileManageSys-main\main.cpp(674,54): warning C4244: “参数”: 从“double”转换到“int”，可能丢失数据
C:\Users\Friman\Downloads\Data-FileManageSys-main\main.cpp(675,100): warning C4244: “参数”: 从“double”转换到“int”，可能丢失数据
C:\Users\Friman\Downloads\Data-FileManageSys-main\main.cpp(683,98): warning C4244: “参数”: 从“double”转换到“int”，可能丢失数据
C:\Users\Friman\Downloads\Data-FileManageSys-main\main.cpp(683,54): warning C4244: “参数”: 从“double”转换到“int”，可能丢失数据
C:\Users\Friman\Downloads\Data-FileManageSys-main\main.cpp(684,91): warning C4244: “参数”: 从“double”转换到“int”，可能丢失数据
C:\Users\Friman\Downloads\Data-FileManageSys-main\main.cpp(689,98): warning C4244: “参数”: 从“double”转换到“int”，可能丢失数据
C:\Users\Friman\Downloads\Data-FileManageSys-main\main.cpp(689,54): warning C4244: “参数”: 从“double”转换到“int”，可能丢失数据
C:\Users\Friman\Downloads\Data-FileManageSys-main\main.cpp(690,100): warning C4244: “参数”: 从“double”转换到“int”，可能丢失数据
C:\Users\Friman\Downloads\Data-FileManageSys-main\main.cpp(724,10): warning C4477: “printf”: 格式字符串“%s”需要类型“char *”的参数，但可变参数 1 拥有了类型“int”
C:\Users\Friman\Downloads\Data-FileManageSys-main\main.cpp(724,10): warning C4313: "printf": 格式字符串中的 "%s" 与类型为 "int" 的参数 1 冲突
  正在生成代码...
  management system.vcxproj -> C:\Users\Friman\Downloads\Data-FileManageSys-main\x64\Debug\management system.exe
