/ *************************************************
  * 由于意外导致更新日志丢失，本日志将不再维护 *
  ************************************************* /



## [0.1alpha1] 2023-01-12
### 第一个Alpha版本，使用原生EasyX绘图。
### 内容包括：
 - 登录注册界面的完整后端逻辑
 - 基于EasyX的建议GUI

## [0.1alpha2] 2023-01-13
### 新增：
 - 图片加载
 - 按钮控件
### 更改：
 - 使用基于EasyX的扩展HiEasyX，并重写绘制方法，使用其提供的Canvas API。
 - 文字居中的函数

## [0.1alpha3] 2023-01-15
### 新增：
 - 重写文字居中的函数，并支持图片居中绘制
 - 图片绘制支持带Alpha通道的png格式图像
### 更改：
 - 按钮渲染的逻辑
### 修复：
 - 文字居中的bug
 - 图片无法显示的bug
 - 遍历data文件夹相关的各种bug
### 移除：
 - 基于EasyX文字居中绘制的函数

## [0.1alpha4] 2023-01-18
预计封装按钮类，使用场景渲染